 --------------------------- 
 > Starting BlackChat
 > ... detecting current terminal size xy:(118,33)
 > ... initializing ncurses screen in raw mode
 > ... creating transcript and client window
 > ... creating other 9 windows
 > ... [beginning transcript]
**************************************~~
******** Wecome to BlackChat! ********~~
**************************************~~
[Client Says]: ~~~~~~~~~~~~~~~~~~~~~~~~~
[Client Says]: sd~~~~~~~~~~~~~~~~~~~~~~~
[Client Says]: s~~~~~~~~~~~~~~~~~~~~~~~~
[Client Says]: ds~~~~~~~~~~~~~~~~~~~~~~~
[Client Says]: dsd~~~~~~~~~~~~~~~~~~~~~~
[Client Says]: sd~~~~~~~~~~~~~~~~~~~~~~~
[Client Says]: sd~~~~~~~~~~~~~~~~~~~~~~~
[Client Says]: sd~~~~~~~~~~~~~~~~~~~~~~~
DITTO!!!~~~~~~~~~~~~~~~~~~~~~~~~~~~~~~~~
[Client Says]: yo~~~~~~~~~~~~~~~~~~~~~~~
[Client Says]: sdf~~~~~~~~~~~~~~~~~~~~~~
[Client Says]: sdf~~~~~~~~~~~~~~~~~~~~~~
[Client Says]: sdf~~~~~~~~~~~~~~~~~~~~~~
 > ... recived quit signal from client
 > ... [ending transcript]
 > ... freeing resources
 > ... closing client log
 > ... bye bye for now!
